<?xml version="1.0" encoding="UTF-8"?>
<!-- Generated by org.testng.reporters.JUnitReportReporter -->
<testsuite hostname="Aksamaria" failures="0" tests="1" name="test.Gsignup1" time="6.257" errors="0" timestamp="2024-08-16T15:25:27 IST" skipped="0">
  <testcase classname="test.Gsignup1" name="test" time="6.257"/>
</testsuite> <!-- test.Gsignup1 -->
