<?xml version="1.0" encoding="UTF-8"?>
<!-- Generated by org.testng.reporters.JUnitReportReporter -->
<testsuite hostname="Aksamaria" failures="0" tests="1" name="pkg.nykaa1" time="4.374" errors="0" timestamp="2024-08-23T13:43:04 IST" skipped="0">
  <testcase classname="pkg.nykaa1" name="test" time="4.374"/>
</testsuite> <!-- pkg.nykaa1 -->
