<?xml version="1.0" encoding="UTF-8"?>
<!-- Generated by org.testng.reporters.JUnitReportReporter -->
<testsuite hostname="Aksamaria" failures="0" tests="1" name="pkg.Nykareg1" time="5.011" errors="0" timestamp="2024-08-23T13:51:40 IST" skipped="0">
  <testcase classname="pkg.Nykareg1" name="test" time="5.011"/>
</testsuite> <!-- pkg.Nykareg1 -->
