<?xml version="1.0" encoding="UTF-8"?>
<!-- Generated by org.testng.reporters.JUnitReportReporter -->
<testsuite hostname="Aksamaria" failures="0" tests="1" name="test.Glogin1" time="8.280" errors="0" timestamp="2024-08-26T23:00:59 IST" skipped="0">
  <testcase classname="test.Glogin1" name="test" time="8.280"/>
</testsuite> <!-- test.Glogin1 -->
