<?xml version="1.0" encoding="UTF-8"?>
<!-- Generated by org.testng.reporters.JUnitReportReporter -->
<testsuite hostname="Aksamaria" failures="0" tests="1" name="test.Gstore1" time="3.887" errors="0" timestamp="2024-08-26T23:15:25 IST" skipped="0">
  <testcase classname="test.Gstore1" name="test" time="3.887"/>
</testsuite> <!-- test.Gstore1 -->
