<?xml version="1.0" encoding="UTF-8"?>
<!-- Generated by org.testng.reporters.JUnitReportReporter -->
<testsuite hostname="Aksamaria" failures="0" tests="1" name="test.Givapro1" time="5.986" errors="0" timestamp="2024-08-18T15:03:57 IST" skipped="0">
  <testcase classname="test.Givapro1" name="test" time="5.986"/>
</testsuite> <!-- test.Givapro1 -->
